Scan #152 starting at Mon May 23 05:20:59 2022
Set number of frames:  20
Attempting to create a new folder for the camera frames: /data/visitors/softimax/20210868/2022052008/raw/20220520/scan_000152_andor
Detector frames are written to: /data/visitors/softimax/20210868/2022052008/raw/20220520/scan_000152_andor
Detector preaparation done.
[!] jittered grid postions by factor: 0.01

                                                                               ...panda0...        
     #       finex       finey         roi       abs_x       abs_y      andor           ...      dt
---------------------------------------------------------------------------------------------------
     0  -1.001e+00  -1.001e+00   2.361e+03  -4.593e+01   5.112e+03  hdf5-link           ...   1.378
     1  -9.991e-01  -9.043e-01   2.352e+03  -4.594e+01   5.112e+03  hdf5-link           ...   2.621
     2  -1.000e+00  -8.090e-01   2.333e+03  -4.595e+01   5.112e+03  hdf5-link           ...   3.972
     3  -9.986e-01  -7.026e-01   2.323e+03  -4.596e+01   5.112e+03  hdf5-link           ...   5.262
     4  -9.994e-01  -6.023e-01   2.304e+03  -4.597e+01   5.112e+03  hdf5-link           ...   6.606
     5  -1.000e+00  -5.073e-01   2.306e+03  -4.598e+01   5.112e+03  hdf5-link           ...   7.824
     6  -9.990e-01  -4.064e-01   2.304e+03  -4.598e+01   5.113e+03  hdf5-link           ...   9.266
     7  -9.996e-01  -3.047e-01   2.298e+03  -4.599e+01   5.113e+03  hdf5-link           ...  10.576
     8  -1.001e+00  -1.970e-01   2.289e+03  -4.600e+01   5.113e+03  hdf5-link           ...  11.833
     9  -1.004e+00  -1.024e-01   2.286e+03  -4.601e+01   5.113e+03  hdf5-link           ...  13.089
    10  -9.997e-01  -4.700e-03   2.285e+03  -4.602e+01   5.113e+03  hdf5-link           ...  14.509
    11  -1.003e+00   9.180e-02   2.289e+03  -4.602e+01   5.113e+03  hdf5-link           ...  15.823
    12  -1.001e+00   1.937e-01   2.296e+03  -4.604e+01   5.113e+03  hdf5-link           ...  17.064
    13  -1.001e+00   3.051e-01   2.319e+03  -4.604e+01   5.113e+03  hdf5-link           ...  18.412
    14  -1.000e+00   3.947e-01   2.327e+03  -4.605e+01   5.113e+03  hdf5-link           ...  19.718
    15  -1.001e+00   5.033e-01   2.332e+03  -4.606e+01   5.113e+03  hdf5-link           ...  20.966
    16  -1.001e+00   5.924e-01   2.343e+03  -4.607e+01   5.114e+03  hdf5-link           ...  22.197
    17  -9.986e-01   6.989e-01   2.352e+03  -4.608e+01   5.114e+03  hdf5-link           ...  23.517
    18  -9.999e-01   7.987e-01   2.354e+03  -4.609e+01   5.114e+03  hdf5-link           ...  24.836
    19  -1.001e+00   8.937e-01   2.397e+03  -4.609e+01   5.114e+03  hdf5-link           ...  26.141
    20  -1.002e+00   9.981e-01   2.405e+03  -4.610e+01   5.114e+03  hdf5-link           ...  27.573
    21  -9.010e-01  -1.005e+00   2.344e+03  -4.584e+01   5.112e+03  hdf5-link           ...  29.093
    22  -9.032e-01  -9.032e-01   2.318e+03  -4.584e+01   5.112e+03  hdf5-link           ...  30.457
    23  -8.992e-01  -8.044e-01   2.299e+03  -4.585e+01   5.112e+03  hdf5-link           ...  31.745
    24  -8.978e-01  -7.027e-01   2.296e+03  -4.586e+01   5.112e+03  hdf5-link           ...  33.161
    25  -8.990e-01  -6.062e-01   2.290e+03  -4.587e+01   5.112e+03  hdf5-link           ...  34.414
    26  -8.978e-01  -5.096e-01   2.280e+03  -4.588e+01   5.112e+03  hdf5-link           ...  35.727
    27  -8.989e-01  -4.042e-01   2.267e+03  -4.589e+01   5.113e+03  hdf5-link           ...  37.010
    28  -8.991e-01  -3.020e-01   2.274e+03  -4.590e+01   5.113e+03  hdf5-link           ...  38.225
    29  -8.983e-01  -2.022e-01   2.254e+03  -4.591e+01   5.113e+03  hdf5-link           ...  39.467
    30  -8.987e-01  -1.029e-01   2.252e+03  -4.592e+01   5.113e+03  hdf5-link           ...  40.664
    31  -9.009e-01   1.000e-03   2.258e+03  -4.592e+01   5.113e+03  hdf5-link           ...  41.870
    32  -9.002e-01   9.610e-02   2.269e+03  -4.593e+01   5.113e+03  hdf5-link           ...  43.151
    33  -8.977e-01   1.992e-01   2.270e+03  -4.594e+01   5.113e+03  hdf5-link           ...  44.422
    34  -9.001e-01   3.015e-01   2.301e+03  -4.595e+01   5.113e+03  hdf5-link           ...  45.700
    35  -8.968e-01   3.996e-01   2.290e+03  -4.596e+01   5.113e+03  hdf5-link           ...  46.929
    36  -9.003e-01   4.995e-01   2.285e+03  -4.597e+01   5.113e+03  hdf5-link           ...  48.262
    37  -9.039e-01   6.010e-01   2.317e+03  -4.598e+01   5.114e+03  hdf5-link           ...  49.516
    38  -9.012e-01   6.980e-01   2.333e+03  -4.599e+01   5.114e+03  hdf5-link           ...  50.878
    39  -9.012e-01   7.934e-01   2.358e+03  -4.599e+01   5.114e+03  hdf5-link           ...  52.177
    40  -9.008e-01   8.931e-01   2.368e+03  -4.600e+01   5.114e+03  hdf5-link           ...  53.484
    41  -8.990e-01   9.968e-01   2.391e+03  -4.600e+01   5.114e+03  hdf5-link           ...  54.734
    42  -7.978e-01  -1.000e+00   2.307e+03  -4.573e+01   5.112e+03  hdf5-link           ...  55.989
    43  -7.993e-01  -9.055e-01   2.298e+03  -4.574e+01   5.112e+03  hdf5-link           ...  57.261
    44  -8.003e-01  -8.030e-01   2.276e+03  -4.576e+01   5.112e+03  hdf5-link           ...  58.474
    45  -7.987e-01  -6.996e-01   2.262e+03  -4.576e+01   5.112e+03  hdf5-link           ...  59.756
    46  -7.985e-01  -5.982e-01   2.254e+03  -4.577e+01   5.112e+03  hdf5-link           ...  61.025
    47  -7.987e-01  -5.016e-01   2.249e+03  -4.578e+01   5.112e+03  hdf5-link           ...  62.301
    48  -8.012e-01  -4.026e-01   2.254e+03  -4.579e+01   5.113e+03  hdf5-link           ...  63.654
    49  -7.999e-01  -3.060e-01   2.243e+03  -4.580e+01   5.113e+03  hdf5-link           ...  64.937
    50  -8.015e-01  -2.071e-01   2.224e+03  -4.580e+01   5.113e+03  hdf5-link           ...  66.239
    51  -8.036e-01  -9.910e-02   2.223e+03  -4.582e+01   5.113e+03  hdf5-link           ...  67.624
    52  -8.038e-01  -5.200e-03   2.234e+03  -4.582e+01   5.113e+03  hdf5-link           ...  69.065
    53  -8.004e-01   9.660e-02   2.245e+03  -4.583e+01   5.113e+03  hdf5-link           ...  70.314
    54  -7.987e-01   1.918e-01   2.255e+03  -4.584e+01   5.113e+03  hdf5-link           ...  71.588
    55  -8.013e-01   2.913e-01   2.248e+03  -4.584e+01   5.113e+03  hdf5-link           ...  72.851
    56  -7.995e-01   4.024e-01   2.269e+03  -4.585e+01   5.113e+03  hdf5-link           ...  74.056
    57  -7.999e-01   4.958e-01   2.294e+03  -4.586e+01   5.113e+03  hdf5-link           ...  75.406
    58  -7.978e-01   5.938e-01   2.290e+03  -4.587e+01   5.114e+03  hdf5-link           ...  76.699
    59  -8.020e-01   6.969e-01   2.322e+03  -4.588e+01   5.114e+03  hdf5-link           ...  78.010
    60  -8.003e-01   8.006e-01   2.329e+03  -4.589e+01   5.114e+03  hdf5-link           ...  79.316
    61  -7.987e-01   9.019e-01   2.350e+03  -4.590e+01   5.114e+03  hdf5-link           ...  80.589
    62  -8.004e-01   9.991e-01   2.371e+03  -4.590e+01   5.114e+03  hdf5-link           ...  81.867
    63  -6.990e-01  -1.002e+00   2.286e+03  -4.564e+01   5.112e+03  hdf5-link           ...  83.130
    64  -6.988e-01  -9.021e-01   2.271e+03  -4.565e+01   5.112e+03  hdf5-link           ...  84.432
    65  -6.987e-01  -8.041e-01   2.256e+03  -4.566e+01   5.112e+03  hdf5-link           ...  85.745
    66  -6.994e-01  -6.986e-01   2.244e+03  -4.567e+01   5.112e+03  hdf5-link           ...  87.043
    67  -7.016e-01  -6.003e-01   2.230e+03  -4.568e+01   5.112e+03  hdf5-link           ...  88.337
    68  -6.992e-01  -4.979e-01   2.230e+03  -4.568e+01   5.112e+03  hdf5-link           ...  89.592
    69  -7.006e-01  -4.029e-01   2.194e+03  -4.569e+01   5.113e+03  hdf5-link           ...  90.808
    70  -7.009e-01  -3.018e-01   2.237e+03  -4.569e+01   5.113e+03  hdf5-link           ...  92.057
    71  -6.989e-01  -2.051e-01   2.223e+03  -4.571e+01   5.113e+03  hdf5-link           ...  93.341
    72  -6.973e-01  -1.046e-01   2.208e+03  -4.571e+01   5.113e+03  hdf5-link           ...  94.543
    73  -6.983e-01   1.200e-03   2.222e+03  -4.573e+01   5.113e+03  hdf5-link           ...  95.821
    74  -6.968e-01   9.680e-02   2.221e+03  -4.574e+01   5.113e+03  hdf5-link           ...  97.092
    75  -7.009e-01   2.005e-01   2.241e+03  -4.574e+01   5.113e+03  hdf5-link           ...  98.276
    76  -7.011e-01   2.958e-01   2.253e+03  -4.575e+01   5.113e+03  hdf5-link           ...  99.519
    77  -6.990e-01   3.987e-01   2.257e+03  -4.575e+01   5.113e+03  hdf5-link           ...  100.780
    78  -7.026e-01   4.993e-01   2.259e+03  -4.576e+01   5.113e+03  hdf5-link           ...  102.015
    79  -6.972e-01   5.967e-01   2.270e+03  -4.577e+01   5.114e+03  hdf5-link           ...  103.248
    80  -6.982e-01   6.982e-01   2.304e+03  -4.578e+01   5.114e+03  hdf5-link           ...  104.522
    81  -7.038e-01   7.959e-01   2.316e+03  -4.579e+01   5.114e+03  hdf5-link           ...  105.825
    82  -6.977e-01   9.001e-01   2.337e+03  -4.580e+01   5.114e+03  hdf5-link           ...  107.053
    83  -6.988e-01   9.938e-01   2.352e+03  -4.581e+01   5.114e+03  hdf5-link           ...  108.367
    84  -6.009e-01  -1.005e+00   2.276e+03  -4.554e+01   5.112e+03  hdf5-link           ...  109.609
    85  -6.003e-01  -9.050e-01   2.251e+03  -4.556e+01   5.112e+03  hdf5-link           ...  110.941
    86  -5.986e-01  -8.077e-01   2.239e+03  -4.556e+01   5.112e+03  hdf5-link           ...  112.185
    87  -6.001e-01  -6.995e-01   2.241e+03  -4.557e+01   5.112e+03  hdf5-link           ...  113.473
    88  -5.979e-01  -6.064e-01   2.217e+03  -4.559e+01   5.112e+03  hdf5-link           ...  114.809
    89  -5.997e-01  -4.960e-01   2.214e+03  -4.559e+01   5.112e+03  hdf5-link           ...  116.067
    90  -5.995e-01  -3.997e-01   2.236e+03  -4.560e+01   5.113e+03  hdf5-link           ...  117.314
    91  -5.988e-01  -3.039e-01   2.212e+03  -4.560e+01   5.113e+03  hdf5-link           ...  118.529
    92  -6.002e-01  -2.030e-01   2.208e+03  -4.562e+01   5.113e+03  hdf5-link           ...  119.800
    93  -6.034e-01  -9.990e-02   2.209e+03  -4.563e+01   5.113e+03  hdf5-link           ...  121.219
    94  -5.976e-01  -6.100e-03   2.214e+03  -4.563e+01   5.113e+03  hdf5-link           ...  122.643
    95  -6.005e-01   9.460e-02   2.218e+03  -4.564e+01   5.113e+03  hdf5-link           ...  123.912
    96  -5.975e-01   2.009e-01   2.219e+03  -4.564e+01   5.113e+03  hdf5-link           ...  125.192
    97  -5.974e-01   3.004e-01   2.237e+03  -4.566e+01   5.113e+03  hdf5-link           ...  126.539
    98  -6.028e-01   3.919e-01   2.243e+03  -4.566e+01   5.113e+03  hdf5-link           ...  127.761
    99  -6.002e-01   4.985e-01   2.254e+03  -4.567e+01   5.113e+03  hdf5-link           ...  129.008
   100  -6.010e-01   5.939e-01   2.248e+03  -4.567e+01   5.114e+03  hdf5-link           ...  130.197
   101  -6.004e-01   7.012e-01   2.287e+03  -4.569e+01   5.114e+03  hdf5-link           ...  131.476
   102  -5.981e-01   7.996e-01   2.301e+03  -4.570e+01   5.114e+03  hdf5-link           ...  132.834
   103  -5.980e-01   9.007e-01   2.320e+03  -4.571e+01   5.114e+03  hdf5-link           ...  134.156
   104  -5.998e-01   1.002e+00   2.354e+03  -4.571e+01   5.114e+03  hdf5-link           ...  135.418
   105  -5.007e-01  -1.006e+00   2.267e+03  -4.545e+01   5.112e+03  hdf5-link           ...  136.681
   106  -5.003e-01  -9.075e-01   2.251e+03  -4.545e+01   5.112e+03  hdf5-link           ...  137.948
   107  -5.003e-01  -8.020e-01   2.232e+03  -4.547e+01   5.112e+03  hdf5-link           ...  139.209
   108  -5.036e-01  -7.024e-01   2.226e+03  -4.547e+01   5.112e+03  hdf5-link           ...  140.535
   109  -5.016e-01  -6.038e-01   2.212e+03  -4.548e+01   5.112e+03  hdf5-link           ...  141.882
   110  -4.998e-01  -4.977e-01   2.209e+03  -4.550e+01   5.112e+03  hdf5-link           ...  143.116
   111  -5.021e-01  -3.968e-01   2.175e+03  -4.550e+01   5.113e+03  hdf5-link           ...  144.427
   112  -5.015e-01  -3.030e-01   2.194e+03  -4.551e+01   5.113e+03  hdf5-link           ...  145.652
   113  -4.973e-01  -2.024e-01   2.204e+03  -4.552e+01   5.113e+03  hdf5-link           ...  147.113
   114  -4.993e-01  -1.039e-01   2.204e+03  -4.553e+01   5.113e+03  hdf5-link           ...  148.341
   115  -4.998e-01  -3.100e-03   2.203e+03  -4.554e+01   5.113e+03  hdf5-link           ...  149.645
   116  -5.012e-01   9.430e-02   2.202e+03  -4.554e+01   5.113e+03  hdf5-link           ...  151.030
   117  -5.006e-01   1.944e-01   2.206e+03  -4.555e+01   5.113e+03  hdf5-link           ...  152.547
   118  -4.989e-01   2.927e-01   2.217e+03  -4.556e+01   5.113e+03  hdf5-link           ...  153.937
   119  -5.002e-01   3.963e-01   2.231e+03  -4.557e+01   5.113e+03  hdf5-link           ...  155.161
   120  -5.005e-01   4.968e-01   2.235e+03  -4.558e+01   5.113e+03  hdf5-link           ...  156.393
   121  -4.996e-01   5.987e-01   2.266e+03  -4.558e+01   5.114e+03  hdf5-link           ...  157.629
   122  -5.002e-01   6.957e-01   2.297e+03  -4.559e+01   5.114e+03  hdf5-link           ...  158.864
   123  -5.000e-01   7.922e-01   2.294e+03  -4.560e+01   5.114e+03  hdf5-link           ...  160.138
   124  -4.990e-01   9.018e-01   2.318e+03  -4.561e+01   5.114e+03  hdf5-link           ...  161.490
   125  -5.016e-01   9.943e-01   2.336e+03  -4.562e+01   5.114e+03  hdf5-link           ...  162.811
   126  -4.013e-01  -1.005e+00   2.268e+03  -4.535e+01   5.112e+03  hdf5-link           ...  164.077
   127  -3.972e-01  -8.979e-01   2.240e+03  -4.536e+01   5.112e+03  hdf5-link           ...  165.351
   128  -4.021e-01  -8.060e-01   2.228e+03  -4.537e+01   5.112e+03  hdf5-link           ...  166.609
   129  -4.003e-01  -7.016e-01   2.177e+03  -4.538e+01   5.112e+03  hdf5-link           ...  167.885
   130  -3.979e-01  -6.018e-01   2.188e+03  -4.539e+01   5.112e+03  hdf5-link           ...  169.179
   131  -3.975e-01  -5.053e-01   2.212e+03  -4.540e+01   5.112e+03  hdf5-link           ...  170.485
   132  -3.950e-01  -4.076e-01   2.189e+03  -4.541e+01   5.113e+03  hdf5-link           ...  171.760
   133  -3.993e-01  -2.976e-01   2.193e+03  -4.541e+01   5.113e+03  hdf5-link           ...  173.084
   134  -3.981e-01  -2.040e-01   2.192e+03  -4.542e+01   5.113e+03  hdf5-link           ...  174.331
   135  -3.994e-01  -1.065e-01   2.191e+03  -4.543e+01   5.113e+03  hdf5-link           ...  175.555
   136  -3.997e-01  -2.300e-03   2.192e+03  -4.544e+01   5.113e+03  hdf5-link           ...  176.883
   137  -4.005e-01   9.720e-02   2.207e+03  -4.544e+01   5.113e+03  hdf5-link           ...  178.173
   138  -4.022e-01   1.961e-01   2.190e+03  -4.545e+01   5.113e+03  hdf5-link           ...  179.505
   139  -3.975e-01   2.965e-01   2.206e+03  -4.546e+01   5.113e+03  hdf5-link           ...  180.810
   140  -3.992e-01   4.026e-01   2.225e+03  -4.547e+01   5.113e+03  hdf5-link           ...  182.032
   141  -4.009e-01   5.001e-01   2.229e+03  -4.548e+01   5.113e+03  hdf5-link           ...  183.341
   142  -4.017e-01   6.018e-01   2.218e+03  -4.548e+01   5.114e+03  hdf5-link           ...  184.659
   143  -3.992e-01   6.965e-01   2.270e+03  -4.549e+01   5.114e+03  hdf5-link           ...  185.928
   144  -3.986e-01   7.954e-01   2.291e+03  -4.550e+01   5.114e+03  hdf5-link           ...  187.188
   145  -4.012e-01   9.020e-01   2.307e+03  -4.551e+01   5.114e+03  hdf5-link           ...  188.488
   146  -3.994e-01   9.907e-01   2.334e+03  -4.552e+01   5.114e+03  hdf5-link           ...  189.823
   147  -3.034e-01  -1.001e+00   2.225e+03  -4.525e+01   5.112e+03  hdf5-link           ...  191.124
   148  -3.001e-01  -9.053e-01   2.225e+03  -4.526e+01   5.112e+03  hdf5-link           ...  192.391
   149  -2.989e-01  -8.052e-01   2.217e+03  -4.527e+01   5.112e+03  hdf5-link           ...  193.600
   150  -2.990e-01  -7.003e-01   2.171e+03  -4.528e+01   5.112e+03  hdf5-link           ...  194.829
   151  -2.975e-01  -5.997e-01   2.192e+03  -4.528e+01   5.112e+03  hdf5-link           ...  196.089
   152  -2.956e-01  -5.043e-01   2.188e+03  -4.529e+01   5.112e+03  hdf5-link           ...  197.327
   153  -2.998e-01  -4.048e-01   2.185e+03  -4.530e+01   5.113e+03  hdf5-link           ...  198.730
   154  -3.016e-01  -3.024e-01   2.190e+03  -4.532e+01   5.113e+03  hdf5-link           ...  199.952
   155  -2.970e-01  -2.070e-01   2.198e+03  -4.532e+01   5.113e+03  hdf5-link           ...  201.242
   156  -3.007e-01  -1.050e-01   2.180e+03  -4.533e+01   5.113e+03  hdf5-link           ...  202.481
   157  -2.995e-01  -7.600e-03   2.186e+03  -4.534e+01   5.113e+03  hdf5-link           ...  203.755
   158  -3.006e-01   9.140e-02   2.199e+03  -4.535e+01   5.113e+03  hdf5-link           ...  204.991
   159  -2.986e-01   2.052e-01   2.197e+03  -4.536e+01   5.113e+03  hdf5-link           ...  206.268
   160  -2.989e-01   2.975e-01   2.209e+03  -4.536e+01   5.113e+03  hdf5-link           ...  207.635
   161  -2.986e-01   3.997e-01   2.215e+03  -4.537e+01   5.113e+03  hdf5-link           ...  208.900
   162  -3.004e-01   4.955e-01   2.231e+03  -4.537e+01   5.113e+03  hdf5-link           ...  210.187
BaseException in detector start() DevFailed[
DevError[
    desc = RuntimeError: unable to Arm due to exception: Could not check validity of give path...
           HTTPConnectionPool(host='softimax-xzyla-andor3-daq.daq.maxiv.lu.se', port=80): Read timed out. (read timeout=2.5)
           
  origin = Traceback (most recent call last):
  File "/usr/lib/python3.6/site-packages/requests/packages/urllib3/connectionpool.py", line 421, in _make_request
    six.raise_from(e, None)
  File "<string>", line 3, in raise_from
  File "/usr/lib/python3.6/site-packages/requests/packages/urllib3/connectionpool.py", line 416, in _make_request
    httplib_response = conn.getresponse()
  File "/usr/lib64/python3.6/http/client.py", line 1346, in getresponse
    response.begin()
  File "/usr/lib64/python3.6/http/client.py", line 307, in begin
    version, status, reason = self._read_status()
  File "/usr/lib64/python3.6/http/client.py", line 268, in _read_status
    line = str(self.fp.readline(_MAXLINE + 1), "iso-8859-1")
  File "/usr/lib64/python3.6/socket.py", line 586, in readinto
    return self._sock.recv_into(b)
socket.timeout: timed out

During handling of the above exception, another exception occurred:

Traceback (most recent call last):
  File "/usr/lib/python3.6/site-packages/requests/adapters.py", line 438, in send
    timeout=timeout
  File "/usr/lib/python3.6/site-packages/requests/packages/urllib3/connectionpool.py", line 720, in urlopen
    method, url, error=e, _pool=self, _stacktrace=sys.exc_info()[2]
  File "/usr/lib/python3.6/site-packages/requests/packages/urllib3/util/retry.py", line 400, in increment
    raise six.reraise(type(error), error, _stacktrace)
  File "/usr/lib/python3.6/site-packages/six.py", line 703, in reraise
    raise value
  File "/usr/lib/python3.6/site-packages/requests/packages/urllib3/connectionpool.py", line 672, in urlopen
    chunked=chunked,
  File "/usr/lib/python3.6/site-packages/requests/packages/urllib3/connectionpool.py", line 423, in _make_request
    self._raise_timeout(err=e, url=url, timeout_value=read_timeout)
  File "/usr/lib/python3.6/site-packages/requests/packages/urllib3/connectionpool.py", line 331, in _raise_timeout
    self, url, "Read timed out. (read timeout=%s)" % timeout_value
requests.packages.urllib3.exceptions.ReadTimeoutError: HTTPConnectionPool(host='softimax-xzyla-andor3-daq.daq.maxiv.lu.se', port=80): Read timed out. (read timeout=2.5)

During handling of the above exception, another exception occurred:

Traceback (most recent call last):
  File "/usr/lib/python3.6/site-packages/lib_maxiv_station_client/station_client.py", line 48, in is_path_valid
    path_response = self._get("/check-path?path=%s" %path)
  File "/usr/lib/python3.6/site-packages/lib_maxiv_station_client/station_client.py", line 78, in _get
    response = requests.get(url, timeout=2.5)
  File "/usr/lib/python3.6/site-packages/requests/api.py", line 72, in get
    return request('get', url, params=params, **kwargs)
  File "/usr/lib/python3.6/site-packages/requests/api.py", line 58, in request
    return session.request(method=method, url=url, **kwargs)
  File "/usr/lib/python3.6/site-packages/requests/sessions.py", line 530, in request
    resp = self.send(prep, **send_kwargs)
  File "/usr/lib/python3.6/site-packages/requests/sessions.py", line 651, in send
    r = adapter.send(request, **kwargs)
  File "/usr/lib/python3.6/site-packages/requests/adapters.py", line 514, in send
    raise ReadTimeout(e, request=request)
requests.exceptions.ReadTimeout: HTTPConnectionPool(host='softimax-xzyla-andor3-daq.daq.maxiv.lu.se', port=80): Read timed out. (read timeout=2.5)

During handling of the above exception, another exception occurred:

Traceback (most recent call last):
  File "/usr/lib/python3.6/site-packages/dev_maxiv_andor3/Andor3.py", line 1064, in Arm
    is_path_valid = self._daq_client.is_path_valid(self.get_DestinationFilename())
  File "/usr/lib/python3.6/site-packages/lib_maxiv_station_client/station_client.py", line 59, in is_path_valid
    raise Exception(message)
Exception: Could not check validity of give path...
HTTPConnectionPool(host='softimax-xzyla-andor3-daq.daq.maxiv.lu.se', port=80): Read timed out. (read timeout=2.5)

During handling of the above exception, another exception occurred:

Traceback (most recent call last):
  File "/usr/lib64/python3.6/site-packages/tango/server.py", line 1142, in cmd
    return get_worker().execute(f, self, *args, **kwargs)
  File "/usr/lib64/python3.6/site-packages/tango/green.py", line 98, in execute
    return fn(*args, **kwargs)
  File "/usr/lib/python3.6/site-packages/dev_maxiv_andor3/Andor3.py", line 1073, in Arm
    self._handle_exception("Arm", exception)
  File "/usr/lib/python3.6/site-packages/dev_maxiv_andor3/Andor3.py", line 1512, in _handle_exception
    raise RuntimeError(message)
RuntimeError: unable to Arm due to exception: Could not check validity of give path...
HTTPConnectionPool(host='softimax-xzyla-andor3-daq.daq.maxiv.lu.se', port=80): Read timed out. (read timeout=2.5)

  reason = PyDs_PythonError
severity = ERR]

DevError[
    desc = Failed to execute command_inout on device b318a-ea01/dia/andor-zyla-01, command Arm
  origin = Connection::command_inout()
  reason = API_CommandFailed
severity = ERR]
]
self.frames_expected:  3280
self.burst_n:  20
The camera is busy for too long, raising an exception!
Some error... Camera is busy for too long, possibly missed frame!
Closing the shutter.
